# JRE version: OpenJDK Runtime Environment (11.0.12+7) (build 11.0.12+7-b1504.28-7817840)
# Java VM: OpenJDK 64-Bit Server VM (11.0.12+7-b1504.28-7817840, mixed mode, tiered, compressed oops, g1 gc, windows-amd64)
Heap:
 garbage-first heap   total 199680K, used 168437K [0x0000000080000000, 0x0000000100000000)
  region size 1024K, 44 young (45056K), 3 survivors (3072K)
 Metaspace       used 111773K, capacity 114472K, committed 115532K, reserved 1148928K
  class space    used 14140K, capacity 15135K, committed 15436K, reserved 1048576K
GC Heap History (20 events):
Event: 28.892 GC heap after
{Heap after GC invocations=45 (full 0):
 garbage-first heap   total 165888K, used 111768K [0x0000000080000000, 0x0000000100000000)
  region size 1024K, 4 young (4096K), 4 survivors (4096K)
 Metaspace       used 100964K, capacity 103308K, committed 103500K, reserved 1138688K
  class space    used 13212K, capacity 14094K, committed 14156K, reserved 1048576K
}
Event: 32.066 GC heap before
{Heap before GC invocations=45 (full 0):
 garbage-first heap   total 165888K, used 135320K [0x0000000080000000, 0x0000000100000000)
  region size 1024K, 27 young (27648K), 4 survivors (4096K)
 Metaspace       used 103322K, capacity 105801K, committed 106060K, reserved 1140736K
  class space    used 13423K, capacity 14380K, committed 14412K, reserved 1048576K
}
Event: 32.079 GC heap after
{Heap after GC invocations=46 (full 0):
 garbage-first heap   total 199680K, used 113326K [0x0000000080000000, 0x0000000100000000)
  region size 1024K, 4 young (4096K), 4 survivors (4096K)
 Metaspace       used 103322K, capacity 105801K, committed 106060K, reserved 1140736K
  class space    used 13423K, capacity 14380K, committed 14412K, reserved 1048576K
}
Event: 33.237 GC heap before
{Heap before GC invocations=47 (full 0):
 garbage-first heap   total 199680K, used 151214K [0x0000000080000000, 0x0000000100000000)
  region size 1024K, 42 young (43008K), 4 survivors (4096K)
 Metaspace       used 104366K, capacity 106973K, committed 107212K, reserved 1142784K
  class space    used 13521K, capacity 14506K, committed 14540K, reserved 1048576K
}
Event: 33.248 GC heap after
{Heap after GC invocations=48 (full 0):
 garbage-first heap   total 199680K, used 115316K [0x0000000080000000, 0x0000000100000000)
  region size 1024K, 4 young (4096K), 4 survivors (4096K)
 Metaspace       used 104366K, capacity 106973K, committed 107212K, reserved 1142784K
  class space    used 13521K, capacity 14506K, committed 14540K, reserved 1048576K
}
Event: 38.737 GC heap before
{Heap before GC invocations=48 (full 0):
 garbage-first heap   total 199680K, used 154228K [0x0000000080000000, 0x0000000100000000)
  region size 1024K, 43 young (44032K), 4 survivors (4096K)
 Metaspace       used 104564K, capacity 107122K, committed 107212K, reserved 1142784K
  class space    used 13523K, capacity 14510K, committed 14540K, reserved 1048576K
}
Event: 38.746 GC heap after
{Heap after GC invocations=49 (full 0):
 garbage-first heap   total 199680K, used 116484K [0x0000000080000000, 0x0000000100000000)
  region size 1024K, 4 young (4096K), 4 survivors (4096K)
 Metaspace       used 104564K, capacity 107122K, committed 107212K, reserved 1142784K
  class space    used 13523K, capacity 14510K, committed 14540K, reserved 1048576K
}
Event: 44.163 GC heap before
{Heap before GC invocations=50 (full 0):
 garbage-first heap   total 199680K, used 156420K [0x0000000080000000, 0x0000000100000000)
  region size 1024K, 44 young (45056K), 4 survivors (4096K)
 Metaspace       used 105332K, capacity 107835K, committed 108108K, reserved 1142784K
  class space    used 13563K, capacity 14537K, committed 14668K, reserved 1048576K
}
Event: 44.182 GC heap after
{Heap after GC invocations=51 (full 0):
 garbage-first heap   total 199680K, used 118440K [0x0000000080000000, 0x0000000100000000)
  region size 1024K, 6 young (6144K), 6 survivors (6144K)
 Metaspace       used 105332K, capacity 107835K, committed 108108K, reserved 1142784K
  class space    used 13563K, capacity 14537K, committed 14668K, reserved 1048576K
}
Event: 45.632 GC heap before
{Heap before GC invocations=51 (full 0):
 garbage-first heap   total 199680K, used 159400K [0x0000000080000000, 0x0000000100000000)
  region size 1024K, 47 young (48128K), 6 survivors (6144K)
 Metaspace       used 106071K, capacity 108664K, committed 108876K, reserved 1142784K
  class space    used 13620K, capacity 14605K, committed 14668K, reserved 1048576K
}
Event: 45.642 GC heap after
{Heap after GC invocations=52 (full 0):
 garbage-first heap   total 199680K, used 119805K [0x0000000080000000, 0x0000000100000000)
  region size 1024K, 4 young (4096K), 4 survivors (4096K)
 Metaspace       used 106071K, capacity 108664K, committed 108876K, reserved 1142784K
  class space    used 13620K, capacity 14605K, committed 14668K, reserved 1048576K
}
Event: 55.445 GC heap before
{Heap before GC invocations=53 (full 0):
 garbage-first heap   total 199680K, used 161789K [0x0000000080000000, 0x0000000100000000)
  region size 1024K, 46 young (47104K), 4 survivors (4096K)
 Metaspace       used 106915K, capacity 109533K, committed 109644K, reserved 1144832K
  class space    used 13703K, capacity 14667K, committed 14668K, reserved 1048576K
}
Event: 55.454 GC heap after
{Heap after GC invocations=54 (full 0):
 garbage-first heap   total 199680K, used 120711K [0x0000000080000000, 0x0000000100000000)
  region size 1024K, 3 young (3072K), 3 survivors (3072K)
 Metaspace       used 106915K, capacity 109533K, committed 109644K, reserved 1144832K
  class space    used 13703K, capacity 14667K, committed 14668K, reserved 1048576K
}
Event: 1705.181 GC heap before
{Heap before GC invocations=54 (full 0):
 garbage-first heap   total 199680K, used 163719K [0x0000000080000000, 0x0000000100000000)
  region size 1024K, 46 young (47104K), 3 survivors (3072K)
 Metaspace       used 107730K, capacity 110498K, committed 110668K, reserved 1144832K
  class space    used 13781K, capacity 14795K, committed 14924K, reserved 1048576K
}
Event: 1705.235 GC heap after
{Heap after GC invocations=55 (full 0):
 garbage-first heap   total 199680K, used 120704K [0x0000000080000000, 0x0000000100000000)
  region size 1024K, 3 young (3072K), 3 survivors (3072K)
 Metaspace       used 107730K, capacity 110498K, committed 110668K, reserved 1144832K
  class space    used 13781K, capacity 14795K, committed 14924K, reserved 1048576K
}
Event: 3073.871 GC heap before
{Heap before GC invocations=56 (full 0):
 garbage-first heap   total 199680K, used 166784K [0x0000000080000000, 0x0000000100000000)
  region size 1024K, 48 young (49152K), 3 survivors (3072K)
 Metaspace       used 108058K, capacity 110804K, committed 110924K, reserved 1144832K
  class space    used 13799K, capacity 14813K, committed 14924K, reserved 1048576K
}
Event: 3073.902 GC heap after
{Heap after GC invocations=57 (full 0):
 garbage-first heap   total 199680K, used 122280K [0x0000000080000000, 0x0000000100000000)
  region size 1024K, 5 young (5120K), 5 survivors (5120K)
 Metaspace       used 108058K, capacity 110804K, committed 110924K, reserved 1144832K
  class space    used 13799K, capacity 14813K, committed 14924K, reserved 1048576K
}
Event: 3075.451 GC heap before
{Heap before GC invocations=57 (full 0):
 garbage-first heap   total 199680K, used 166312K [0x0000000080000000, 0x0000000100000000)
  region size 1024K, 49 young (50176K), 5 survivors (5120K)
 Metaspace       used 110913K, capacity 113902K, committed 114124K, reserved 1148928K
  class space    used 14117K, capacity 15195K, committed 15308K, reserved 1048576K
}
Event: 3075.477 GC heap after
{Heap after GC invocations=58 (full 0):
 garbage-first heap   total 199680K, used 126517K [0x0000000080000000, 0x0000000100000000)
  region size 1024K, 7 young (7168K), 7 survivors (7168K)
 Metaspace       used 110913K, capacity 113902K, committed 114124K, reserved 1148928K
  class space    used 14117K, capacity 15195K, committed 15308K, reserved 1048576K
}
Event: 3077.103 GC heap before
{Heap before GC invocations=59 (full 0):
 garbage-first heap   total 199680K, used 167477K [0x0000000080000000, 0x0000000100000000)
  region size 1024K, 48 young (49152K), 7 survivors (7168K)
 Metaspace       used 111773K, capacity 114472K, committed 115532K, reserved 1148928K
  class space    used 14140K, capacity 15135K, committed 15436K, reserved 1048576K
}

